<?xml version="1.0" encoding="UTF-8"?>
<!-- Generated by org.testng.reporters.JUnitXMLReporter -->
<testsuite hostname="AIO-2107" name="MB_ListingPage_Compare" tests="2" failures="2" timestamp="31 Jan 2017 12:07:43 GMT" time="106.225" errors="0">
  <testcase name="TC011_Verified_Icon" time="41.509" classname="sanity.MB_NewVDL_Listing_Profile_compare">
    <failure type="org.openqa.selenium.WebDriverException" message="Element is not clickable at point (1336.5, 357.316650390625). Other element would receive the click: &amp;lt;div class=&amp;quot;standout-mask&amp;quot;&amp;gt;&amp;lt;/div&amp;gt;
Command duration or timeout: 199 milliseconds
Build info: version: &amp;apos;2.53.0&amp;apos;, revision: &amp;apos;35ae25b&amp;apos;, time: &amp;apos;2016-03-15 17:00:58&amp;apos;
System info: host: &amp;apos;AIO-2107&amp;apos;, ip: &amp;apos;192.168.1.105&amp;apos;, os.name: &amp;apos;Windows 10&amp;apos;, os.arch: &amp;apos;amd64&amp;apos;, os.version: &amp;apos;10.0&amp;apos;, java.version: &amp;apos;1.8.0_73&amp;apos;
Driver info: org.openqa.selenium.firefox.FirefoxDriver
Capabilities [{applicationCacheEnabled=true, rotatable=false, handlesAlerts=true, databaseEnabled=true, version=43.0, platform=WINDOWS, nativeEvents=false, acceptSslCerts=true, webStorageEnabled=true, locationContextEnabled=true, browserName=firefox, takesScreenshot=true, javascriptEnabled=true, cssSelectorsEnabled=true}]
Session ID: 4544ddd4-87d3-404b-9dfd-a952b8023417">
      <![CDATA[org.openqa.selenium.WebDriverException: Element is not clickable at point (1336.5, 357.316650390625). Other element would receive the click: <div class="standout-mask"></div>
Command duration or timeout: 199 milliseconds
Build info: version: '2.53.0', revision: '35ae25b', time: '2016-03-15 17:00:58'
System info: host: 'AIO-2107', ip: '192.168.1.105', os.name: 'Windows 10', os.arch: 'amd64', os.version: '10.0', java.version: '1.8.0_73'
Driver info: org.openqa.selenium.firefox.FirefoxDriver
Capabilities [{applicationCacheEnabled=true, rotatable=false, handlesAlerts=true, databaseEnabled=true, version=43.0, platform=WINDOWS, nativeEvents=false, acceptSslCerts=true, webStorageEnabled=true, locationContextEnabled=true, browserName=firefox, takesScreenshot=true, javascriptEnabled=true, cssSelectorsEnabled=true}]
Session ID: 4544ddd4-87d3-404b-9dfd-a952b8023417
	at org.openqa.selenium.remote.ErrorHandler.createThrowable(ErrorHandler.java:206)
	at org.openqa.selenium.remote.ErrorHandler.throwIfResponseFailed(ErrorHandler.java:158)
	at org.openqa.selenium.remote.RemoteWebDriver.execute(RemoteWebDriver.java:678)
	at org.openqa.selenium.remote.RemoteWebElement.execute(RemoteWebElement.java:327)
	at org.openqa.selenium.remote.RemoteWebElement.click(RemoteWebElement.java:85)
	at sanity.MB_NewVDL_Listing_Profile_compare.TC011_Verified_Icon(MB_NewVDL_Listing_Profile_compare.java:55)
... Removed 28 stack frames]]>
    </failure>
  </testcase> <!-- TC011_Verified_Icon -->
  <testcase name="TC012_Compare_Listing" time="41.676" classname="sanity.MB_NewVDL_Listing_Profile_compare">
    <failure type="org.openqa.selenium.WebDriverException" message="Element is not clickable at point (1387.066650390625, 10.399993896484375). Other element would receive the click: &amp;lt;div class=&amp;quot;standout-mask&amp;quot;&amp;gt;&amp;lt;/div&amp;gt;
Command duration or timeout: 242 milliseconds
Build info: version: &amp;apos;2.53.0&amp;apos;, revision: &amp;apos;35ae25b&amp;apos;, time: &amp;apos;2016-03-15 17:00:58&amp;apos;
System info: host: &amp;apos;AIO-2107&amp;apos;, ip: &amp;apos;192.168.1.105&amp;apos;, os.name: &amp;apos;Windows 10&amp;apos;, os.arch: &amp;apos;amd64&amp;apos;, os.version: &amp;apos;10.0&amp;apos;, java.version: &amp;apos;1.8.0_73&amp;apos;
Driver info: org.openqa.selenium.firefox.FirefoxDriver
Capabilities [{applicationCacheEnabled=true, rotatable=false, handlesAlerts=true, databaseEnabled=true, version=43.0, platform=WINDOWS, nativeEvents=false, acceptSslCerts=true, webStorageEnabled=true, locationContextEnabled=true, browserName=firefox, takesScreenshot=true, javascriptEnabled=true, cssSelectorsEnabled=true}]
Session ID: 01632233-cd1b-4038-ac7b-bacbf1bb24d4">
      <![CDATA[org.openqa.selenium.WebDriverException: Element is not clickable at point (1387.066650390625, 10.399993896484375). Other element would receive the click: <div class="standout-mask"></div>
Command duration or timeout: 242 milliseconds
Build info: version: '2.53.0', revision: '35ae25b', time: '2016-03-15 17:00:58'
System info: host: 'AIO-2107', ip: '192.168.1.105', os.name: 'Windows 10', os.arch: 'amd64', os.version: '10.0', java.version: '1.8.0_73'
Driver info: org.openqa.selenium.firefox.FirefoxDriver
Capabilities [{applicationCacheEnabled=true, rotatable=false, handlesAlerts=true, databaseEnabled=true, version=43.0, platform=WINDOWS, nativeEvents=false, acceptSslCerts=true, webStorageEnabled=true, locationContextEnabled=true, browserName=firefox, takesScreenshot=true, javascriptEnabled=true, cssSelectorsEnabled=true}]
Session ID: 01632233-cd1b-4038-ac7b-bacbf1bb24d4
	at org.openqa.selenium.remote.ErrorHandler.createThrowable(ErrorHandler.java:206)
	at org.openqa.selenium.remote.ErrorHandler.throwIfResponseFailed(ErrorHandler.java:158)
	at org.openqa.selenium.remote.RemoteWebDriver.execute(RemoteWebDriver.java:678)
	at org.openqa.selenium.remote.RemoteWebElement.execute(RemoteWebElement.java:327)
	at org.openqa.selenium.remote.RemoteWebElement.click(RemoteWebElement.java:85)
	at sanity.MB_NewVDL_Listing_Profile_compare.TC012_Compare_Listing(MB_NewVDL_Listing_Profile_compare.java:95)
... Removed 28 stack frames]]>
    </failure>
  </testcase> <!-- TC012_Compare_Listing -->
</testsuite> <!-- MB_ListingPage_Compare -->
