<html>
<head>
<title>TestNG:  MB_Profilepage_CoreCategory</title>
<link href="../testng.css" rel="stylesheet" type="text/css" />
<link href="../my-testng.css" rel="stylesheet" type="text/css" />

<style type="text/css">
.log { display: none;} 
.stack-trace { display: none;} 
</style>
<script type="text/javascript">
<!--
function flip(e) {
  current = e.style.display;
  if (current == 'block') {
    e.style.display = 'none';
    return 0;
  }
  else {
    e.style.display = 'block';
    return 1;
  }
}

function toggleBox(szDivId, elem, msg1, msg2)
{
  var res = -1;  if (document.getElementById) {
    res = flip(document.getElementById(szDivId));
  }
  else if (document.all) {
    // this is the way old msie versions work
    res = flip(document.all[szDivId]);
  }
  if(elem) {
    if(res == 0) elem.innerHTML = msg1; else elem.innerHTML = msg2;
  }

}

function toggleAllBoxes() {
  if (document.getElementsByTagName) {
    d = document.getElementsByTagName('div');
    for (i = 0; i < d.length; i++) {
      if (d[i].className == 'log') {
        flip(d[i]);
      }
    }
  }
}

// -->
</script>

</head>
<body>
<h2 align='center'>MB_Profilepage_CoreCategory</h2><table border='1' align="center">
<tr>
<td>Tests passed/Failed/Skipped:</td><td>7/1/0</td>
</tr><tr>
<td>Started on:</td><td>Mon Feb 20 09:24:03 IST 2017</td>
</tr>
<tr><td>Total time:</td><td>228 seconds (228832 ms)</td>
</tr><tr>
<td>Included groups:</td><td></td>
</tr><tr>
<td>Excluded groups:</td><td></td>
</tr>
</table><p/>
<small><i>(Hover the method name to see the test class name)</i></small><p/>
<table width='100%' border='1' class='invocation-failed'>
<tr><td colspan='4' align='center'><b>FAILED TESTS</b></td></tr>
<tr><td><b>Test method</b></td>
<td width="30%"><b>Exception</b></td>
<td width="10%"><b>Time (seconds)</b></td>
<td><b>Instance</b></td>
</tr>
<tr>
<td title='sanity.MB_Profilepage_CoreCategory.TC010_ProfileShortlist()'><b>TC010_ProfileShortlist</b><br>Test class: sanity.MB_Profilepage_CoreCategory</td>
<td><div><pre>org.openqa.selenium.NoSuchElementException: Unable to locate element: {&quot;method&quot;:&quot;xpath&quot;,&quot;selector&quot;:&quot;//span[@class=&apos;count&apos;]&quot;}
Command duration or timeout: 10.14 seconds
For documentation on this error, please visit: http://seleniumhq.org/exceptions/no_such_element.html
Build info: version: &apos;2.53.0&apos;, revision: &apos;35ae25b&apos;, time: &apos;2016-03-15 17:00:58&apos;
System info: host: &apos;AIO-2107&apos;, ip: &apos;192.168.1.105&apos;, os.name: &apos;Windows 10&apos;, os.arch: &apos;amd64&apos;, os.version: &apos;10.0&apos;, java.version: &apos;1.8.0_73&apos;
Driver info: org.openqa.selenium.firefox.FirefoxDriver
Capabilities [{applicationCacheEnabled=true, rotatable=false, handlesAlerts=true, databaseEnabled=true, version=43.0, platform=WINDOWS, nativeEvents=false, acceptSslCerts=true, webStorageEnabled=true, locationContextEnabled=true, browserName=firefox, takesScreenshot=true, javascriptEnabled=true, cssSelectorsEnabled=true}]
Session ID: c4aafd8f-56bd-49e2-bc90-30dba9d4b50d
*** Element info: {Using=xpath, value=//span[@class=&apos;count&apos;]}
	at org.openqa.selenium.remote.ErrorHandler.createThrowable(ErrorHandler.java:206)
	at org.openqa.selenium.remote.ErrorHandler.throwIfResponseFailed(ErrorHandler.java:158)
	at org.openqa.selenium.remote.RemoteWebDriver.execute(RemoteWebDriver.java:678)
	at org.openqa.selenium.remote.RemoteWebDriver.findElement(RemoteWebDriver.java:363)
	at org.openqa.selenium.remote.RemoteWebDriver.findElementByXPath(RemoteWebDriver.java:500)
	at org.openqa.selenium.By$ByXPath.findElement(By.java:361)
	at org.openqa.selenium.remote.RemoteWebDriver.findElement(RemoteWebDriver.java:355)
	at sanity.MB_Profilepage_CoreCategory.TC010_ProfileShortlist(MB_Profilepage_CoreCategory.java:229)
Caused by: org.openqa.selenium.NoSuchElementException: Unable to locate element: {&quot;method&quot;:&quot;xpath&quot;,&quot;selector&quot;:&quot;//span[@class=&apos;count&apos;]&quot;}
For documentation on this error, please visit: http://seleniumhq.org/exceptions/no_such_element.html
Build info: version: &apos;2.53.0&apos;, revision: &apos;35ae25b&apos;, time: &apos;2016-03-15 17:00:58&apos;
System info: host: &apos;AIO-2107&apos;, ip: &apos;192.168.1.105&apos;, os.name: &apos;Windows 10&apos;, os.arch: &apos;amd64&apos;, os.version: &apos;10.0&apos;, java.version: &apos;1.8.0_73&apos;
Driver info: driver.version: unknown
	at &lt;anonymous class&gt;.FirefoxDriver.prototype.findElementInternal_(file:///C:/Users/HARISH~1/AppData/Local/Temp/anonymous8248181344070017241webdriver-profile/extensions/fxdriver@googlecode.com/components/driver-component.js:10770)
	at &lt;anonymous class&gt;.fxdriver.Timer.prototype.setTimeout/&lt;.notify(file:///C:/Users/HARISH~1/AppData/Local/Temp/anonymous8248181344070017241webdriver-profile/extensions/fxdriver@googlecode.com/components/driver-component.js:625)
... Removed 28 stack frames</pre></div><a href='#' onClick='toggleBox("stack-trace1358343316", this, "Click to show all stack frames", "Click to hide stack frames")'>Click to show all stack frames</a>
<div class='stack-trace' id='stack-trace1358343316'><pre>org.openqa.selenium.NoSuchElementException: Unable to locate element: {&quot;method&quot;:&quot;xpath&quot;,&quot;selector&quot;:&quot;//span[@class=&apos;count&apos;]&quot;}
Command duration or timeout: 10.14 seconds
For documentation on this error, please visit: http://seleniumhq.org/exceptions/no_such_element.html
Build info: version: &apos;2.53.0&apos;, revision: &apos;35ae25b&apos;, time: &apos;2016-03-15 17:00:58&apos;
System info: host: &apos;AIO-2107&apos;, ip: &apos;192.168.1.105&apos;, os.name: &apos;Windows 10&apos;, os.arch: &apos;amd64&apos;, os.version: &apos;10.0&apos;, java.version: &apos;1.8.0_73&apos;
Driver info: org.openqa.selenium.firefox.FirefoxDriver
Capabilities [{applicationCacheEnabled=true, rotatable=false, handlesAlerts=true, databaseEnabled=true, version=43.0, platform=WINDOWS, nativeEvents=false, acceptSslCerts=true, webStorageEnabled=true, locationContextEnabled=true, browserName=firefox, takesScreenshot=true, javascriptEnabled=true, cssSelectorsEnabled=true}]
Session ID: c4aafd8f-56bd-49e2-bc90-30dba9d4b50d
*** Element info: {Using=xpath, value=//span[@class=&apos;count&apos;]}
	at sun.reflect.NativeConstructorAccessorImpl.newInstance0(Native Method)
	at sun.reflect.NativeConstructorAccessorImpl.newInstance(Unknown Source)
	at sun.reflect.DelegatingConstructorAccessorImpl.newInstance(Unknown Source)
	at java.lang.reflect.Constructor.newInstance(Unknown Source)
	at org.openqa.selenium.remote.ErrorHandler.createThrowable(ErrorHandler.java:206)
	at org.openqa.selenium.remote.ErrorHandler.throwIfResponseFailed(ErrorHandler.java:158)
	at org.openqa.selenium.remote.RemoteWebDriver.execute(RemoteWebDriver.java:678)
	at org.openqa.selenium.remote.RemoteWebDriver.findElement(RemoteWebDriver.java:363)
	at org.openqa.selenium.remote.RemoteWebDriver.findElementByXPath(RemoteWebDriver.java:500)
	at org.openqa.selenium.By$ByXPath.findElement(By.java:361)
	at org.openqa.selenium.remote.RemoteWebDriver.findElement(RemoteWebDriver.java:355)
	at sanity.MB_Profilepage_CoreCategory.TC010_ProfileShortlist(MB_Profilepage_CoreCategory.java:229)
	at sun.reflect.NativeMethodAccessorImpl.invoke0(Native Method)
	at sun.reflect.NativeMethodAccessorImpl.invoke(Unknown Source)
	at sun.reflect.DelegatingMethodAccessorImpl.invoke(Unknown Source)
	at java.lang.reflect.Method.invoke(Unknown Source)
	at org.testng.internal.MethodInvocationHelper.invokeMethod(MethodInvocationHelper.java:85)
	at org.testng.internal.Invoker.invokeMethod(Invoker.java:639)
	at org.testng.internal.Invoker.invokeTestMethod(Invoker.java:816)
	at org.testng.internal.Invoker.invokeTestMethods(Invoker.java:1124)
	at org.testng.internal.TestMethodWorker.invokeTestMethods(TestMethodWorker.java:125)
	at org.testng.internal.TestMethodWorker.run(TestMethodWorker.java:108)
	at org.testng.TestRunner.privateRun(TestRunner.java:774)
	at org.testng.TestRunner.run(TestRunner.java:624)
	at org.testng.SuiteRunner.runTest(SuiteRunner.java:359)
	at org.testng.SuiteRunner.runSequentially(SuiteRunner.java:354)
	at org.testng.SuiteRunner.privateRun(SuiteRunner.java:312)
	at org.testng.SuiteRunner.run(SuiteRunner.java:261)
	at org.testng.SuiteRunnerWorker.runSuite(SuiteRunnerWorker.java:52)
	at org.testng.SuiteRunnerWorker.run(SuiteRunnerWorker.java:86)
	at org.testng.TestNG.runSuitesSequentially(TestNG.java:1215)
	at org.testng.TestNG.runSuitesLocally(TestNG.java:1140)
	at org.testng.TestNG.run(TestNG.java:1048)
	at org.testng.remote.RemoteTestNG.run(RemoteTestNG.java:112)
	at org.testng.remote.RemoteTestNG.initAndRun(RemoteTestNG.java:205)
	at org.testng.remote.RemoteTestNG.main(RemoteTestNG.java:176)
Caused by: org.openqa.selenium.NoSuchElementException: Unable to locate element: {&quot;method&quot;:&quot;xpath&quot;,&quot;selector&quot;:&quot;//span[@class=&apos;count&apos;]&quot;}
For documentation on this error, please visit: http://seleniumhq.org/exceptions/no_such_element.html
Build info: version: &apos;2.53.0&apos;, revision: &apos;35ae25b&apos;, time: &apos;2016-03-15 17:00:58&apos;
System info: host: &apos;AIO-2107&apos;, ip: &apos;192.168.1.105&apos;, os.name: &apos;Windows 10&apos;, os.arch: &apos;amd64&apos;, os.version: &apos;10.0&apos;, java.version: &apos;1.8.0_73&apos;
Driver info: driver.version: unknown
	at &lt;anonymous class&gt;.FirefoxDriver.prototype.findElementInternal_(file:///C:/Users/HARISH~1/AppData/Local/Temp/anonymous8248181344070017241webdriver-profile/extensions/fxdriver@googlecode.com/components/driver-component.js:10770)
	at &lt;anonymous class&gt;.fxdriver.Timer.prototype.setTimeout/&lt;.notify(file:///C:/Users/HARISH~1/AppData/Local/Temp/anonymous8248181344070017241webdriver-profile/extensions/fxdriver@googlecode.com/components/driver-component.js:625)
</pre></div></td>
<td>62</td>
<td>sanity.MB_Profilepage_CoreCategory@11531931</td></tr>
</table><p>
<table width='100%' border='1' class='invocation-passed'>
<tr><td colspan='4' align='center'><b>PASSED TESTS</b></td></tr>
<tr><td><b>Test method</b></td>
<td width="30%"><b>Exception</b></td>
<td width="10%"><b>Time (seconds)</b></td>
<td><b>Instance</b></td>
</tr>
<tr>
<td title='sanity.MB_Profilepage_CoreCategory.TC007_ViewMore()'><b>TC007_ViewMore</b><br>Test class: sanity.MB_Profilepage_CoreCategory<br/>
<a href="#Output-1197251633" onClick='toggleBox("Output-1197251633", this, "Show output", "Hide output");'>Show output</a>

<a href="#Output-1197251633" onClick="toggleAllBoxes();">Show all outputs</a>
<div class='log' id="Output-1197251633">
View more services - PASS<br/>
</div>
</td>
<td></td>
<td>28</td>
<td>sanity.MB_Profilepage_CoreCategory@11531931</td></tr>
<tr>
<td title='sanity.MB_Profilepage_CoreCategory.TC008_SaveToPhone()'><b>TC008_SaveToPhone</b><br>Test class: sanity.MB_Profilepage_CoreCategory<br/>
<a href="#Output-795321555" onClick='toggleBox("Output-795321555", this, "Show output", "Hide output");'>Show output</a>

<a href="#Output-795321555" onClick="toggleAllBoxes();">Show all outputs</a>
<div class='log' id="Output-795321555">
Save to phone pass<br/>
</div>
</td>
<td></td>
<td>22</td>
<td>sanity.MB_Profilepage_CoreCategory@11531931</td></tr>
<tr>
<td title='sanity.MB_Profilepage_CoreCategory.TC009_Profile_Getquote()'><b>TC009_Profile_Getquote</b><br>Test class: sanity.MB_Profilepage_CoreCategory<br/>
<a href="#Output-914374969" onClick='toggleBox("Output-914374969", this, "Show output", "Hide output");'>Show output</a>

<a href="#Output-914374969" onClick="toggleAllBoxes();">Show all outputs</a>
<div class='log' id="Output-914374969">
Get quote Pass<br/>
</div>
</td>
<td></td>
<td>6</td>
<td>sanity.MB_Profilepage_CoreCategory@11531931</td></tr>
<tr>
<td title='sanity.MB_Profilepage_CoreCategory.TC011_VerifySymbol()'><b>TC011_VerifySymbol</b><br>Test class: sanity.MB_Profilepage_CoreCategory<br/>
<a href="#Output-1095273238" onClick='toggleBox("Output-1095273238", this, "Show output", "Hide output");'>Show output</a>

<a href="#Output-1095273238" onClick="toggleAllBoxes();">Show all outputs</a>
<div class='log' id="Output-1095273238">
Verify symbol displayed near Business name<br/>
</div>
</td>
<td></td>
<td>7</td>
<td>sanity.MB_Profilepage_CoreCategory@11531931</td></tr>
<tr>
<td title='sanity.MB_Profilepage_CoreCategory.TC012_SulekhaScore()'><b>TC012_SulekhaScore</b><br>Test class: sanity.MB_Profilepage_CoreCategory</td>
<td></td>
<td>31</td>
<td>sanity.MB_Profilepage_CoreCategory@11531931</td></tr>
<tr>
<td title='sanity.MB_Profilepage_CoreCategory.TC013_ViewMoreReview()'><b>TC013_ViewMoreReview</b><br>Test class: sanity.MB_Profilepage_CoreCategory<br/>
<a href="#Output-193388045" onClick='toggleBox("Output-193388045", this, "Show output", "Hide output");'>Show output</a>

<a href="#Output-193388045" onClick="toggleAllBoxes();">Show all outputs</a>
<div class='log' id="Output-193388045">
View more review working fine<br/>
</div>
</td>
<td></td>
<td>28</td>
<td>sanity.MB_Profilepage_CoreCategory@11531931</td></tr>
<tr>
<td title='sanity.MB_Profilepage_CoreCategory.TC014_RateandReview()'><b>TC014_RateandReview</b><br>Test class: sanity.MB_Profilepage_CoreCategory<br/>
<a href="#Output-1796047085" onClick='toggleBox("Output-1796047085", this, "Show output", "Hide output");'>Show output</a>

<a href="#Output-1796047085" onClick="toggleAllBoxes();">Show all outputs</a>
<div class='log' id="Output-1796047085">
Review posted success<br/>
</div>
</td>
<td></td>
<td>31</td>
<td>sanity.MB_Profilepage_CoreCategory@11531931</td></tr>
</table><p>
</body>
</html>