<?xml version="1.0" encoding="UTF-8"?>
<!-- Generated by org.testng.reporters.JUnitXMLReporter -->
<testsuite hostname="AIO-2107" name="Mobile_VDL_Listing" tests="8" failures="1" timestamp="2 Mar 2017 07:55:22 GMT" time="168.054" errors="0">
  <testcase name="TC001_Filterby" time="31.008" classname="lcmobile_regression.Mobile_VDL_Listing"/>
  <testcase name="TC002_SortOption" time="31.936" classname="lcmobile_regression.Mobile_VDL_Listing"/>
  <testcase name="TC003_Listing_SavetoPhone" time="23.694" classname="lcmobile_regression.Mobile_VDL_Listing"/>
  <testcase name="TC004_Getquote" time="11.619" classname="lcmobile_regression.Mobile_VDL_Listing"/>
  <testcase name="TC005_ListingProfile_ScoreMatch" time="16.745" classname="lcmobile_regression.Mobile_VDL_Listing"/>
  <testcase name="TC006_ListingProfile_Review" time="13.304" classname="lcmobile_regression.Mobile_VDL_Listing"/>
  <testcase name="TC007_ListingVerifiedMark" time="7.476" classname="lcmobile_regression.Mobile_VDL_Listing"/>
  <testcase name="TC008_Call_Action" time="21.795" classname="lcmobile_regression.Mobile_VDL_Listing">
    <failure type="org.openqa.selenium.NoSuchElementException" message="Unable to locate element: {&amp;quot;method&amp;quot;:&amp;quot;xpath&amp;quot;,&amp;quot;selector&amp;quot;:&amp;quot;ol/li[1]/div[1]/h3/span&amp;quot;}
Command duration or timeout: 15.13 seconds
For documentation on this error, please visit: http://seleniumhq.org/exceptions/no_such_element.html
Build info: version: &amp;apos;2.53.0&amp;apos;, revision: &amp;apos;35ae25b&amp;apos;, time: &amp;apos;2016-03-15 17:00:58&amp;apos;
System info: host: &amp;apos;AIO-2107&amp;apos;, ip: &amp;apos;192.168.1.105&amp;apos;, os.name: &amp;apos;Windows 10&amp;apos;, os.arch: &amp;apos;amd64&amp;apos;, os.version: &amp;apos;10.0&amp;apos;, java.version: &amp;apos;1.8.0_73&amp;apos;
Driver info: org.openqa.selenium.firefox.FirefoxDriver
Capabilities [{applicationCacheEnabled=true, rotatable=false, handlesAlerts=true, databaseEnabled=true, version=43.0, platform=WINDOWS, nativeEvents=false, acceptSslCerts=true, webStorageEnabled=true, locationContextEnabled=true, browserName=firefox, takesScreenshot=true, javascriptEnabled=true, cssSelectorsEnabled=true}]
Session ID: b96a99ad-65a6-4723-9f28-53a2956212cb
*** Element info: {Using=xpath, value=ol/li[1]/div[1]/h3/span}">
      <![CDATA[org.openqa.selenium.NoSuchElementException: Unable to locate element: {"method":"xpath","selector":"ol/li[1]/div[1]/h3/span"}
Command duration or timeout: 15.13 seconds
For documentation on this error, please visit: http://seleniumhq.org/exceptions/no_such_element.html
Build info: version: '2.53.0', revision: '35ae25b', time: '2016-03-15 17:00:58'
System info: host: 'AIO-2107', ip: '192.168.1.105', os.name: 'Windows 10', os.arch: 'amd64', os.version: '10.0', java.version: '1.8.0_73'
Driver info: org.openqa.selenium.firefox.FirefoxDriver
Capabilities [{applicationCacheEnabled=true, rotatable=false, handlesAlerts=true, databaseEnabled=true, version=43.0, platform=WINDOWS, nativeEvents=false, acceptSslCerts=true, webStorageEnabled=true, locationContextEnabled=true, browserName=firefox, takesScreenshot=true, javascriptEnabled=true, cssSelectorsEnabled=true}]
Session ID: b96a99ad-65a6-4723-9f28-53a2956212cb
*** Element info: {Using=xpath, value=ol/li[1]/div[1]/h3/span}
	at org.openqa.selenium.remote.ErrorHandler.createThrowable(ErrorHandler.java:206)
	at org.openqa.selenium.remote.ErrorHandler.throwIfResponseFailed(ErrorHandler.java:158)
	at org.openqa.selenium.remote.RemoteWebDriver.execute(RemoteWebDriver.java:678)
	at org.openqa.selenium.remote.RemoteWebDriver.findElement(RemoteWebDriver.java:363)
	at org.openqa.selenium.remote.RemoteWebDriver.findElementByXPath(RemoteWebDriver.java:500)
	at org.openqa.selenium.By$ByXPath.findElement(By.java:361)
	at org.openqa.selenium.remote.RemoteWebDriver.findElement(RemoteWebDriver.java:355)
	at lcmobile_regression.Mobile_VDL_Listing.TC008_Call_Action(Mobile_VDL_Listing.java:489)
Caused by: org.openqa.selenium.NoSuchElementException: Unable to locate element: {"method":"xpath","selector":"ol/li[1]/div[1]/h3/span"}
For documentation on this error, please visit: http://seleniumhq.org/exceptions/no_such_element.html
Build info: version: '2.53.0', revision: '35ae25b', time: '2016-03-15 17:00:58'
System info: host: 'AIO-2107', ip: '192.168.1.105', os.name: 'Windows 10', os.arch: 'amd64', os.version: '10.0', java.version: '1.8.0_73'
Driver info: driver.version: unknown
	at <anonymous class>.FirefoxDriver.prototype.findElementInternal_(file:///C:/Users/HARISH~1/AppData/Local/Temp/anonymous3606900629647305256webdriver-profile/extensions/fxdriver@googlecode.com/components/driver-component.js:10770)
	at <anonymous class>.fxdriver.Timer.prototype.setTimeout/<.notify(file:///C:/Users/HARISH~1/AppData/Local/Temp/anonymous3606900629647305256webdriver-profile/extensions/fxdriver@googlecode.com/components/driver-component.js:625)
... Removed 28 stack frames]]>
    </failure>
  </testcase> <!-- TC008_Call_Action -->
</testsuite> <!-- Mobile_VDL_Listing -->
