<?xml version="1.0" encoding="UTF-8"?>
<!-- Generated by org.testng.reporters.JUnitReportReporter -->
<testsuite hostname="AIO-2107" name="lcmobile_regression.Mobile_VDL_Listing_Regression2" tests="11" failures="1" timestamp="2 Mar 2017 10:16:20 GMT" time="598.038" errors="0">
  <testcase name="Mobile_VDL_Listing_Morelink_Photolink_Nextpage_Listcard" time="73.747" classname="lcmobile_regression.Mobile_VDL_Listing_Regression2"/>
  <testcase name="Mobile_VDL_Listing_ChatwithUsimage" time="36.146" classname="lcmobile_regression.Mobile_VDL_Listing_Regression2"/>
  <testcase name="Mobile_VDL_Listing_Listcard_TCApply_" time="40.781" classname="lcmobile_regression.Mobile_VDL_Listing_Regression2"/>
  <testcase name="Mobile_VDL_Listing_Citylink_Allcitypage" time="33.442" classname="lcmobile_regression.Mobile_VDL_Listing_Regression2">
    <failure type="java.lang.AssertionError">
      <![CDATA[java.lang.AssertionError
	at org.junit.Assert.fail(Assert.java:86)
	at org.junit.Assert.fail(Assert.java:95)
	at lcmobile_regression.Mobile_VDL_Listing_Regression2.Mobile_VDL_Listing_Citylink_Allcitypage(Mobile_VDL_Listing_Regression2.java:446)
	at sun.reflect.NativeMethodAccessorImpl.invoke0(Native Method)
	at sun.reflect.NativeMethodAccessorImpl.invoke(Unknown Source)
	at sun.reflect.DelegatingMethodAccessorImpl.invoke(Unknown Source)
	at java.lang.reflect.Method.invoke(Unknown Source)
	at org.testng.internal.MethodInvocationHelper.invokeMethod(MethodInvocationHelper.java:85)
	at org.testng.internal.Invoker.invokeMethod(Invoker.java:639)
	at org.testng.internal.Invoker.invokeTestMethod(Invoker.java:816)
	at org.testng.internal.Invoker.invokeTestMethods(Invoker.java:1124)
	at org.testng.internal.TestMethodWorker.invokeTestMethods(TestMethodWorker.java:125)
	at org.testng.internal.TestMethodWorker.run(TestMethodWorker.java:108)
	at org.testng.TestRunner.privateRun(TestRunner.java:774)
	at org.testng.TestRunner.run(TestRunner.java:624)
	at org.testng.SuiteRunner.runTest(SuiteRunner.java:359)
	at org.testng.SuiteRunner.runSequentially(SuiteRunner.java:354)
	at org.testng.SuiteRunner.privateRun(SuiteRunner.java:312)
	at org.testng.SuiteRunner.run(SuiteRunner.java:261)
	at org.testng.SuiteRunnerWorker.runSuite(SuiteRunnerWorker.java:52)
	at org.testng.SuiteRunnerWorker.run(SuiteRunnerWorker.java:86)
	at org.testng.TestNG.runSuitesSequentially(TestNG.java:1215)
	at org.testng.TestNG.runSuitesLocally(TestNG.java:1140)
	at org.testng.TestNG.run(TestNG.java:1048)
	at org.testng.remote.RemoteTestNG.run(RemoteTestNG.java:112)
	at org.testng.remote.RemoteTestNG.initAndRun(RemoteTestNG.java:205)
	at org.testng.remote.RemoteTestNG.main(RemoteTestNG.java:176)
]]>
    </failure>
  </testcase> <!-- Mobile_VDL_Listing_Citylink_Allcitypage -->
  <testcase name="Mobile_VDL_Listing_Shortlist" time="155.080" classname="lcmobile_regression.Mobile_VDL_Listing_Regression2"/>
  <testcase name="Mobile_VDL_Listing_WhyFillthisForm_Navigations" time="28.046" classname="lcmobile_regression.Mobile_VDL_Listing_Regression2"/>
  <testcase name="Mobile_VDL_Listing_BrandFilter_ResetFilter" time="86.362" classname="lcmobile_regression.Mobile_VDL_Listing_Regression2"/>
  <testcase name="Mobile_VDL_Listing_Tollfreeimage" time="29.574" classname="lcmobile_regression.Mobile_VDL_Listing_Regression2"/>
  <testcase name="Mobile_VDL_Listing_PaidBadge" time="27.065" classname="lcmobile_regression.Mobile_VDL_Listing_Regression2"/>
  <testcase name="Mobile_VDL_Listing_ProfileLink" time="37.056" classname="lcmobile_regression.Mobile_VDL_Listing_Regression2"/>
  <testcase name="Mobile_VDL_Listing_Category_Grandparentpage" time="50.739" classname="lcmobile_regression.Mobile_VDL_Listing_Regression2"/>
</testsuite> <!-- lcmobile_regression.Mobile_VDL_Listing_Regression2 -->
